C:\USERS\TOMKEIN\DOCUMENTS\VISUAL STUDIO 2012\PROJECTS\FXCONF3\FXCONF3\RELEASE\DLLMAIN.OBJ
C:\USERS\TOMKEIN\DOCUMENTS\VISUAL STUDIO 2012\PROJECTS\FXCONF3\FXCONF3\RELEASE\VC110.PDB
C:\USERS\TOMKEIN\DOCUMENTS\VISUAL STUDIO 2012\PROJECTS\FXCONF3\FXCONF3\RELEASE\FXC3205.PCH
C:\USERS\TOMKEIN\DOCUMENTS\VISUAL STUDIO 2012\PROJECTS\FXCONF3\FXCONF3\RELEASE\STDAFX.OBJ
C:\USERS\TOMKEIN\DOCUMENTS\VISUAL STUDIO 2012\PROJECTS\FXCONF3\FXCONF3\RELEASE\FXCONF3.OBJ
C:\Forex\FXConfidence EA\fxc3205.lib
C:\Forex\FXConfidence EA\fxc3205.exp
C:\Forex\FXConfidence EA\fxconf32.lib
C:\Forex\FXConfidence EA\fxconf32.exp
C:\FOREX\FXCONFIDENCE EA\FXCONF32.DLL
C:\FOREX\FXCONFIDENCE EA\FXCONF32.PDB
C:\FOREX\FXCONFIDENCE EA\FXC3205.DLL
C:\FOREX\FXCONFIDENCE EA\FXC3205.PDB
C:\Users\TomKein\Documents\Visual Studio 2012\Projects\fxconf3\fxconf3\Release\dllmain.obj
C:\Users\TomKein\Documents\Visual Studio 2012\Projects\fxconf3\fxconf3\Release\fxconf3.obj
C:\Users\TomKein\Documents\Visual Studio 2012\Projects\fxconf3\fxconf3\Release\stdafx.obj
C:\Users\TomKein\Documents\Visual Studio 2012\Projects\fxconf3\fxconf3\Release\cl.command.1.tlog
C:\Users\TomKein\Documents\Visual Studio 2012\Projects\fxconf3\fxconf3\Release\CL.read.1.tlog
C:\Users\TomKein\Documents\Visual Studio 2012\Projects\fxconf3\fxconf3\Release\CL.write.1.tlog
C:\Users\TomKein\Documents\Visual Studio 2012\Projects\fxconf3\fxconf3\Release\fxc3205.write.1.tlog
C:\Users\TomKein\Documents\Visual Studio 2012\Projects\fxconf3\fxconf3\Release\fxconf32.write.1.tlog
C:\Users\TomKein\Documents\Visual Studio 2012\Projects\fxconf3\fxconf3\Release\link-cvtres.read.1.tlog
C:\Users\TomKein\Documents\Visual Studio 2012\Projects\fxconf3\fxconf3\Release\link-cvtres.write.1.tlog
C:\Users\TomKein\Documents\Visual Studio 2012\Projects\fxconf3\fxconf3\Release\link-rc.read.1.tlog
C:\Users\TomKein\Documents\Visual Studio 2012\Projects\fxconf3\fxconf3\Release\link-rc.write.1.tlog
C:\Users\TomKein\Documents\Visual Studio 2012\Projects\fxconf3\fxconf3\Release\link.command.1.tlog
C:\Users\TomKein\Documents\Visual Studio 2012\Projects\fxconf3\fxconf3\Release\link.read.1.tlog
C:\Users\TomKein\Documents\Visual Studio 2012\Projects\fxconf3\fxconf3\Release\link.write.1.tlog
C:\Users\TomKein\Documents\Visual Studio 2012\Projects\fxconf3\fxconf3\Release\fxc3205.pch
C:\Users\TomKein\Documents\Visual Studio 2012\Projects\fxconf3\fxconf3\Release\fxconf32.pch
C:\Users\TomKein\Documents\Visual Studio 2012\Projects\fxconf3\fxconf3\Release\vc110.pdb
C:\Users\TomKein\Documents\Visual Studio 2012\Projects\fxconf3\fxconf3\..\..\..\..\..\..\..\Forex\FXConfidence EA\fxc3205.dll
