C:\USERS\TOMKEIN\DOCUMENTS\VISUAL STUDIO 2012\PROJECTS\FXCONF3\FXCONF3\RELEASE\FXCONF32.PCH
C:\USERS\TOMKEIN\DOCUMENTS\VISUAL STUDIO 2012\PROJECTS\FXCONF3\FXCONF3\RELEASE\STDAFX.OBJ
C:\USERS\TOMKEIN\DOCUMENTS\VISUAL STUDIO 2012\PROJECTS\FXCONF3\FXCONF3\RELEASE\VC110.PDB
C:\USERS\TOMKEIN\DOCUMENTS\VISUAL STUDIO 2012\PROJECTS\FXCONF3\FXCONF3\RELEASE\DLLMAIN.OBJ
C:\USERS\TOMKEIN\DOCUMENTS\VISUAL STUDIO 2012\PROJECTS\FXCONF3\FXCONF3\RELEASE\FXCONF3.OBJ
C:\Users\TomKein\AppData\Roaming\MetaQuotes\Terminal\EF9A528175A8FC7AB69FC9EF39D0E4C9\MQL4\Experts\fxconf3.lib
C:\Users\TomKein\AppData\Roaming\MetaQuotes\Terminal\EF9A528175A8FC7AB69FC9EF39D0E4C9\MQL4\Experts\fxconf3.exp
C:\Forex\FXConfidence EA\fxconf3.lib
C:\Forex\FXConfidence EA\fxconf3.exp
C:\Forex\FXConfidence EA\fxconf32.lib
C:\Forex\FXConfidence EA\fxconf32.exp
C:\FOREX\FXCONFIDENCE EA\FXCONF32.DLL
C:\FOREX\FXCONFIDENCE EA\FXCONF32.PDB
C:\Users\TomKein\Documents\Visual Studio 2012\Projects\fxconf3\fxconf3\Release\dllmain.obj
C:\Users\TomKein\Documents\Visual Studio 2012\Projects\fxconf3\fxconf3\Release\fxconf3.obj
C:\Users\TomKein\Documents\Visual Studio 2012\Projects\fxconf3\fxconf3\Release\stdafx.obj
C:\Users\TomKein\Documents\Visual Studio 2012\Projects\fxconf3\fxconf3\Release\cl.command.1.tlog
C:\Users\TomKein\Documents\Visual Studio 2012\Projects\fxconf3\fxconf3\Release\CL.read.1.tlog
C:\Users\TomKein\Documents\Visual Studio 2012\Projects\fxconf3\fxconf3\Release\CL.write.1.tlog
C:\Users\TomKein\Documents\Visual Studio 2012\Projects\fxconf3\fxconf3\Release\fxconf3.write.1.tlog
C:\Users\TomKein\Documents\Visual Studio 2012\Projects\fxconf3\fxconf3\Release\fxconf32.write.1.tlog
C:\Users\TomKein\Documents\Visual Studio 2012\Projects\fxconf3\fxconf3\Release\link-cvtres.read.1.tlog
C:\Users\TomKein\Documents\Visual Studio 2012\Projects\fxconf3\fxconf3\Release\link-cvtres.write.1.tlog
C:\Users\TomKein\Documents\Visual Studio 2012\Projects\fxconf3\fxconf3\Release\link-rc.read.1.tlog
C:\Users\TomKein\Documents\Visual Studio 2012\Projects\fxconf3\fxconf3\Release\link-rc.write.1.tlog
C:\Users\TomKein\Documents\Visual Studio 2012\Projects\fxconf3\fxconf3\Release\link.command.1.tlog
C:\Users\TomKein\Documents\Visual Studio 2012\Projects\fxconf3\fxconf3\Release\link.read.1.tlog
C:\Users\TomKein\Documents\Visual Studio 2012\Projects\fxconf3\fxconf3\Release\link.read.4.tlog
C:\Users\TomKein\Documents\Visual Studio 2012\Projects\fxconf3\fxconf3\Release\link.write.1.tlog
C:\Users\TomKein\Documents\Visual Studio 2012\Projects\fxconf3\fxconf3\Release\fxconf32.pch
C:\Users\TomKein\Documents\Visual Studio 2012\Projects\fxconf3\fxconf3\Release\vc110.pdb
C:\Users\TomKein\Documents\Visual Studio 2012\Projects\fxconf3\fxconf3\..\..\..\..\..\..\..\Forex\FXConfidence EA\fxconf32.dll
