C:\USERS\TOMKEIN\DOCUMENTS\VISUAL STUDIO 2012\PROJECTS\FXCONF3\FXCONF3\DEBUG\FXCONF3.PCH
C:\USERS\TOMKEIN\DOCUMENTS\VISUAL STUDIO 2012\PROJECTS\FXCONF3\FXCONF3\DEBUG\STDAFX.OBJ
C:\USERS\TOMKEIN\DOCUMENTS\VISUAL STUDIO 2012\PROJECTS\FXCONF3\FXCONF3\DEBUG\VC110.PDB
C:\USERS\TOMKEIN\DOCUMENTS\VISUAL STUDIO 2012\PROJECTS\FXCONF3\DEBUG\VC110.PDB
C:\USERS\TOMKEIN\DOCUMENTS\VISUAL STUDIO 2012\PROJECTS\FXCONF3\FXCONF3\DEBUG\DLLMAIN.OBJ
C:\USERS\TOMKEIN\DOCUMENTS\VISUAL STUDIO 2012\PROJECTS\FXCONF3\FXCONF3\DEBUG\FXCONF3.OBJ
C:\USERS\TOMKEIN\DOCUMENTS\VISUAL STUDIO 2012\PROJECTS\FXCONF3\DEBUG\FXCONF32.PCH
C:\USERS\TOMKEIN\DOCUMENTS\VISUAL STUDIO 2012\PROJECTS\FXCONF3\DEBUG\STDAFX.OBJ
C:\USERS\TOMKEIN\DOCUMENTS\VISUAL STUDIO 2012\PROJECTS\FXCONF3\DEBUG\DLLMAIN.OBJ
C:\USERS\TOMKEIN\DOCUMENTS\VISUAL STUDIO 2012\PROJECTS\FXCONF3\DEBUG\FXCONF3.OBJ
C:\USERS\TOMKEIN\DOCUMENTS\VISUAL STUDIO 2012\PROJECTS\FXCONF3\DEBUG\FXCONF3205.OBJ
C:\Users\TomKein\Documents\visual studio 2012\Projects\fxconf3\Debug\fxconf3.lib
C:\Users\TomKein\Documents\visual studio 2012\Projects\fxconf3\Debug\fxconf3.exp
C:\Users\TomKein\Documents\Visual Studio 2012\Projects\fxconf3\Debug\fxconf32.lib
C:\Users\TomKein\Documents\Visual Studio 2012\Projects\fxconf3\Debug\fxconf32.exp
C:\USERS\TOMKEIN\DOCUMENTS\VISUAL STUDIO 2012\PROJECTS\FXCONF3\DEBUG\FXCONF3.ILK
C:\USERS\TOMKEIN\DOCUMENTS\VISUAL STUDIO 2012\PROJECTS\FXCONF3\DEBUG\FXCONF3.DLL
C:\USERS\TOMKEIN\DOCUMENTS\VISUAL STUDIO 2012\PROJECTS\FXCONF3\DEBUG\FXCONF3.PDB
C:\USERS\TOMKEIN\DOCUMENTS\VISUAL STUDIO 2012\PROJECTS\FXCONF3\DEBUG\FXCONF32.ILK
C:\USERS\TOMKEIN\DOCUMENTS\VISUAL STUDIO 2012\PROJECTS\FXCONF3\DEBUG\FXCONF32.DLL
C:\USERS\TOMKEIN\DOCUMENTS\VISUAL STUDIO 2012\PROJECTS\FXCONF3\DEBUG\FXCONF32.PDB
C:\Users\TomKein\Documents\Visual Studio 2012\Projects\fxconf3\Debug\dllmain.obj
C:\Users\TomKein\Documents\Visual Studio 2012\Projects\fxconf3\Debug\fxconf3.obj
C:\Users\TomKein\Documents\Visual Studio 2012\Projects\fxconf3\Debug\fxconf3205.obj
C:\Users\TomKein\Documents\Visual Studio 2012\Projects\fxconf3\Debug\fxconf3.ilk
C:\Users\TomKein\Documents\Visual Studio 2012\Projects\fxconf3\Debug\fxconf32.ilk
C:\Users\TomKein\Documents\Visual Studio 2012\Projects\fxconf3\Debug\Test.ilk
C:\Users\TomKein\Documents\Visual Studio 2012\Projects\fxconf3\Debug\cl.command.1.tlog
C:\Users\TomKein\Documents\Visual Studio 2012\Projects\fxconf3\Debug\CL.read.1.tlog
C:\Users\TomKein\Documents\Visual Studio 2012\Projects\fxconf3\Debug\CL.write.1.tlog
C:\Users\TomKein\Documents\Visual Studio 2012\Projects\fxconf3\Debug\fxconf3.write.1.tlog
C:\Users\TomKein\Documents\Visual Studio 2012\Projects\fxconf3\Debug\fxconf32.write.1.tlog
C:\Users\TomKein\Documents\Visual Studio 2012\Projects\fxconf3\Debug\link-cvtres.read.1.tlog
C:\Users\TomKein\Documents\Visual Studio 2012\Projects\fxconf3\Debug\link-cvtres.write.1.tlog
C:\Users\TomKein\Documents\Visual Studio 2012\Projects\fxconf3\Debug\link-rc.read.1.tlog
C:\Users\TomKein\Documents\Visual Studio 2012\Projects\fxconf3\Debug\link-rc.write.1.tlog
C:\Users\TomKein\Documents\Visual Studio 2012\Projects\fxconf3\Debug\link.3268-cvtres.read.1.tlog
C:\Users\TomKein\Documents\Visual Studio 2012\Projects\fxconf3\Debug\link.3268-cvtres.write.1.tlog
C:\Users\TomKein\Documents\Visual Studio 2012\Projects\fxconf3\Debug\link.3268-rc.read.1.tlog
C:\Users\TomKein\Documents\Visual Studio 2012\Projects\fxconf3\Debug\link.3268-rc.write.1.tlog
C:\Users\TomKein\Documents\Visual Studio 2012\Projects\fxconf3\Debug\link.3268.read.1.tlog
C:\Users\TomKein\Documents\Visual Studio 2012\Projects\fxconf3\Debug\link.3268.write.1.tlog
C:\Users\TomKein\Documents\Visual Studio 2012\Projects\fxconf3\Debug\link.3840-cvtres.read.1.tlog
C:\Users\TomKein\Documents\Visual Studio 2012\Projects\fxconf3\Debug\link.3840-cvtres.write.1.tlog
C:\Users\TomKein\Documents\Visual Studio 2012\Projects\fxconf3\Debug\link.3840-rc.read.1.tlog
C:\Users\TomKein\Documents\Visual Studio 2012\Projects\fxconf3\Debug\link.3840-rc.write.1.tlog
C:\Users\TomKein\Documents\Visual Studio 2012\Projects\fxconf3\Debug\link.3840.read.1.tlog
C:\Users\TomKein\Documents\Visual Studio 2012\Projects\fxconf3\Debug\link.3840.write.1.tlog
C:\Users\TomKein\Documents\Visual Studio 2012\Projects\fxconf3\Debug\link.command.1.tlog
C:\Users\TomKein\Documents\Visual Studio 2012\Projects\fxconf3\Debug\link.read.1.tlog
C:\Users\TomKein\Documents\Visual Studio 2012\Projects\fxconf3\Debug\link.write.1.tlog
C:\Users\TomKein\Documents\Visual Studio 2012\Projects\fxconf3\Debug\fxconf3.pch
C:\Users\TomKein\Documents\Visual Studio 2012\Projects\fxconf3\Debug\fxconf32.pch
C:\Users\TomKein\Documents\Visual Studio 2012\Projects\fxconf3\Debug\fxconf3.exp
C:\Users\TomKein\Documents\Visual Studio 2012\Projects\fxconf3\Debug\vc110.idb
C:\Users\TomKein\Documents\Visual Studio 2012\Projects\fxconf3\Debug\fxconf3.pdb
C:\Users\TomKein\Documents\Visual Studio 2012\Projects\fxconf3\Debug\fxconf32.pdb
C:\Users\TomKein\Documents\Visual Studio 2012\Projects\fxconf3\Debug\Test.pdb
C:\Users\TomKein\Documents\Visual Studio 2012\Projects\fxconf3\Debug\vc110.pdb
C:\Users\TomKein\Documents\Visual Studio 2012\Projects\fxconf3\Debug\fxconf32.dll
